GAS LISTING /tmp/ccZXkwbu.s 			page 1


   1              		.file	"scheduler.cpp"
   2              		.option pic
   3              		.option norelax
   4              		.text
   5              	.Ltext0:
   6              		.align	2
   8              	_Z41__static_initialization_and_destruction_0ii:
   9              	.LFB24:
  10              		.file 1 "src/scheduler.cpp"
   1:src/scheduler.cpp **** 
   2:src/scheduler.cpp **** #include "../h/scheduler.hpp"
   3:src/scheduler.cpp **** 
   4:src/scheduler.cpp **** List<TCB> Scheduler::readyThreadQueue;
   5:src/scheduler.cpp **** 
   6:src/scheduler.cpp **** TCB *Scheduler::get()
   7:src/scheduler.cpp **** {
   8:src/scheduler.cpp ****     return readyThreadQueue.removeFirst();
   9:src/scheduler.cpp **** }
  10:src/scheduler.cpp **** 
  11:src/scheduler.cpp **** void Scheduler::put(TCB *ccb)
  12:src/scheduler.cpp **** {
  13:src/scheduler.cpp ****     readyThreadQueue.addLast(ccb);
  14:src/scheduler.cpp **** }...
  11              		.loc 1 14 1
  12              		.cfi_startproc
  13              	.LVL0:
  14 0000 130101FF 		addi	sp,sp,-16
  15              		.cfi_def_cfa_offset 16
  16 0004 23348100 		sd	s0,8(sp)
  17              		.cfi_offset 8, -8
  18 0008 13040101 		addi	s0,sp,16
  19              		.cfi_def_cfa 8, 0
  20              		.loc 1 14 1 is_stmt 0
  21 000c 93071000 		li	a5,1
  22 0010 6308F500 		beq	a0,a5,.L4
  23              	.L1:
  24 0014 03348100 		ld	s0,8(sp)
  25              		.cfi_remember_state
  26              		.cfi_restore 8
  27              		.cfi_def_cfa 2, 16
  28 0018 13010101 		addi	sp,sp,16
  29              		.cfi_def_cfa_offset 0
  30 001c 67800000 		jr	ra
  31              	.L4:
  32              		.cfi_restore_state
  33              		.loc 1 14 1 discriminator 1
  34 0020 B7070100 		li	a5,65536
  35 0024 9387F7FF 		addi	a5,a5,-1
  36 0028 E396F5FE 		bne	a1,a5,.L1
  37              	.LVL1:
  38              	.LBB23:
  39              	.LBB24:
  40              	.LBB25:
  41              		.file 2 "src/../h/list.hpp"
   1:src/../h/list.hpp **** #ifndef LIST_HPP
   2:src/../h/list.hpp **** #define LIST_HPP
   3:src/../h/list.hpp **** 
GAS LISTING /tmp/ccZXkwbu.s 			page 2


   4:src/../h/list.hpp **** #include "memoryAllocator.hpp"
   5:src/../h/list.hpp **** 
   6:src/../h/list.hpp **** template<typename T>
   7:src/../h/list.hpp **** class List
   8:src/../h/list.hpp **** {
   9:src/../h/list.hpp **** private:
  10:src/../h/list.hpp ****     struct Elem
  11:src/../h/list.hpp ****     {
  12:src/../h/list.hpp ****         T *data;
  13:src/../h/list.hpp ****         Elem *next;
  14:src/../h/list.hpp **** 
  15:src/../h/list.hpp ****         Elem(T *data, Elem *next) : data(data), next(next) {}
  16:src/../h/list.hpp **** 
  17:src/../h/list.hpp ****         void* operator new(size_t size) {
  18:src/../h/list.hpp ****             return MemoryAllocator::mem_alloc(size);
  19:src/../h/list.hpp ****         }
  20:src/../h/list.hpp ****         void* operator new[](size_t size) {
  21:src/../h/list.hpp ****             return MemoryAllocator::mem_alloc(size);
  22:src/../h/list.hpp ****         }
  23:src/../h/list.hpp ****         
  24:src/../h/list.hpp ****         void operator delete(void *ptr) {
  25:src/../h/list.hpp ****             MemoryAllocator::mem_free(ptr);
  26:src/../h/list.hpp ****         }
  27:src/../h/list.hpp ****         void operator delete[](void *ptr) {
  28:src/../h/list.hpp ****             MemoryAllocator::mem_free(ptr);
  29:src/../h/list.hpp ****         }
  30:src/../h/list.hpp ****     };
  31:src/../h/list.hpp **** 
  32:src/../h/list.hpp ****     Elem *head, *tail;
  33:src/../h/list.hpp **** 
  34:src/../h/list.hpp **** public:
  35:src/../h/list.hpp ****     List() : head(0), tail(0) {}
  42              		.loc 2 35 29
  43 002c 97070000 		lla	a5,.LANCHOR0
  43      93870700 
  44 0034 23B00700 		sd	zero,0(a5)
  45 0038 23B40700 		sd	zero,8(a5)
  46              	.LVL2:
  47              	.LBE25:
  48              	.LBE24:
  49              	.LBE23:
  50              		.loc 1 14 1
  51 003c 6FF09FFD 		j	.L1
  52              		.cfi_endproc
  53              	.LFE24:
  55              		.align	2
  56              		.globl	_ZN9Scheduler3getEv
  58              	_ZN9Scheduler3getEv:
  59              	.LFB12:
   7:src/scheduler.cpp **** {
  60              		.loc 1 7 1 is_stmt 1
  61              		.cfi_startproc
  62 0040 130101FE 		addi	sp,sp,-32
  63              		.cfi_def_cfa_offset 32
  64 0044 233C1100 		sd	ra,24(sp)
  65 0048 23388100 		sd	s0,16(sp)
  66 004c 23349100 		sd	s1,8(sp)
GAS LISTING /tmp/ccZXkwbu.s 			page 3


  67              		.cfi_offset 1, -8
  68              		.cfi_offset 8, -16
  69              		.cfi_offset 9, -24
  70 0050 13040102 		addi	s0,sp,32
  71              		.cfi_def_cfa 8, 0
   8:src/scheduler.cpp ****     return readyThreadQueue.removeFirst();
  72              		.loc 1 8 5
  73              	.LVL3:
  74              	.LBB26:
  75              	.LBB27:
  36:src/../h/list.hpp **** 
  37:src/../h/list.hpp ****     List(const List<T> &) = delete;
  38:src/../h/list.hpp **** 
  39:src/../h/list.hpp ****     List<T> &operator=(const List<T> &) = delete;
  40:src/../h/list.hpp **** 
  41:src/../h/list.hpp ****     void addFirst(T *data)
  42:src/../h/list.hpp ****     {
  43:src/../h/list.hpp ****         Elem *elem = new Elem(data, head);
  44:src/../h/list.hpp ****         head = elem;
  45:src/../h/list.hpp ****         if (!tail) { tail = head; }
  46:src/../h/list.hpp ****     }
  47:src/../h/list.hpp **** 
  48:src/../h/list.hpp ****     void addLast(T *data)
  49:src/../h/list.hpp ****     {
  50:src/../h/list.hpp ****         Elem *elem = new Elem(data, 0);
  51:src/../h/list.hpp ****         if (tail)
  52:src/../h/list.hpp ****         {
  53:src/../h/list.hpp ****             tail->next = elem;
  54:src/../h/list.hpp ****             tail = elem;
  55:src/../h/list.hpp ****         } else
  56:src/../h/list.hpp ****         {
  57:src/../h/list.hpp ****             head = tail = elem;
  58:src/../h/list.hpp ****         }
  59:src/../h/list.hpp ****     }
  60:src/../h/list.hpp **** 
  61:src/../h/list.hpp ****     T *removeFirst()
  62:src/../h/list.hpp ****     {
  63:src/../h/list.hpp ****         if (!head) { return 0; }
  76              		.loc 2 63 14 is_stmt 0
  77 0054 17050000 		ld	a0,.LANCHOR0
  77      03350500 
  78              		.loc 2 63 9
  79 005c 63020504 		beqz	a0,.L8
  80              	.LVL4:
  64:src/../h/list.hpp **** 
  65:src/../h/list.hpp ****         Elem *elem = head;
  66:src/../h/list.hpp ****         head = head->next;
  81              		.loc 2 66 22
  82 0060 83378500 		ld	a5,8(a0)
  83              		.loc 2 66 9
  84 0064 17070000 		sd	a5,.LANCHOR0,a4
  84      2330F700 
  67:src/../h/list.hpp ****         if (!head) { tail = 0; }
  85              		.loc 2 67 9
  86 006c 63840702 		beqz	a5,.L10
  87              	.L7:
  68:src/../h/list.hpp **** 
GAS LISTING /tmp/ccZXkwbu.s 			page 4


  69:src/../h/list.hpp ****         T *ret = elem->data;
  88              		.loc 2 69 12
  89 0070 83340500 		ld	s1,0(a0)
  90              	.LVL5:
  91              	.LBB28:
  92              	.LBB29:
  25:src/../h/list.hpp ****         }
  93              		.loc 2 25 38
  94 0074 97000000 		call	_ZN15MemoryAllocator8mem_freeEPv@plt
  94      E7800000 
  95              	.LVL6:
  96              	.L5:
  97              	.LBE29:
  98              	.LBE28:
  99              	.LBE27:
 100              	.LBE26:
   9:src/scheduler.cpp **** }
 101              		.loc 1 9 1
 102 007c 13850400 		mv	a0,s1
 103 0080 83308101 		ld	ra,24(sp)
 104              		.cfi_remember_state
 105              		.cfi_restore 1
 106 0084 03340101 		ld	s0,16(sp)
 107              		.cfi_restore 8
 108              		.cfi_def_cfa 2, 32
 109 0088 83348100 		ld	s1,8(sp)
 110              		.cfi_restore 9
 111 008c 13010102 		addi	sp,sp,32
 112              		.cfi_def_cfa_offset 0
 113 0090 67800000 		jr	ra
 114              	.LVL7:
 115              	.L10:
 116              		.cfi_restore_state
 117              	.LBB31:
 118              	.LBB30:
  67:src/../h/list.hpp **** 
 119              		.loc 2 67 22
 120 0094 97070000 		sd	zero,.LANCHOR0+8,a5
 120      23B00700 
 121 009c 6FF05FFD 		j	.L7
 122              	.LVL8:
 123              	.L8:
  63:src/../h/list.hpp **** 
 124              		.loc 2 63 29
 125 00a0 93040500 		mv	s1,a0
 126              	.LVL9:
 127              	.LBE30:
 128              	.LBE31:
   8:src/scheduler.cpp ****     return readyThreadQueue.removeFirst();
 129              		.loc 1 8 41
 130 00a4 6FF09FFD 		j	.L5
 131              		.cfi_endproc
 132              	.LFE12:
 134              		.align	2
 135              		.globl	_ZN9Scheduler3putEP3TCB
 137              	_ZN9Scheduler3putEP3TCB:
 138              	.LFB13:
GAS LISTING /tmp/ccZXkwbu.s 			page 5


  12:src/scheduler.cpp **** {
 139              		.loc 1 12 1 is_stmt 1
 140              		.cfi_startproc
 141              	.LVL10:
 142 00a8 130101FE 		addi	sp,sp,-32
 143              		.cfi_def_cfa_offset 32
 144 00ac 233C1100 		sd	ra,24(sp)
 145 00b0 23388100 		sd	s0,16(sp)
 146 00b4 23349100 		sd	s1,8(sp)
 147              		.cfi_offset 1, -8
 148              		.cfi_offset 8, -16
 149              		.cfi_offset 9, -24
 150 00b8 13040102 		addi	s0,sp,32
 151              		.cfi_def_cfa 8, 0
 152 00bc 93040500 		mv	s1,a0
  13:src/scheduler.cpp ****     readyThreadQueue.addLast(ccb);
 153              		.loc 1 13 5
 154              	.LVL11:
 155              	.LBB32:
 156              	.LBB33:
 157              	.LBB34:
 158              	.LBB35:
  18:src/../h/list.hpp ****         }
 159              		.loc 2 18 46 is_stmt 0
 160 00c0 13050001 		li	a0,16
 161              	.LVL12:
 162 00c4 97000000 		call	_ZN15MemoryAllocator9mem_allocEm@plt
 162      E7800000 
 163              	.LVL13:
 164              	.LBE35:
 165              	.LBE34:
 166              	.LBB36:
 167              	.LBB37:
  15:src/../h/list.hpp **** 
 168              		.loc 2 15 58
 169 00cc 23309500 		sd	s1,0(a0)
 170 00d0 23340500 		sd	zero,8(a0)
 171              	.LVL14:
 172              	.LBE37:
 173              	.LBE36:
  51:src/../h/list.hpp ****         {
 174              		.loc 2 51 13
 175 00d4 97070000 		ld	a5,.LANCHOR0+8
 175      83B70700 
  51:src/../h/list.hpp ****         {
 176              		.loc 2 51 9
 177 00dc 63820702 		beqz	a5,.L12
  53:src/../h/list.hpp ****             tail = elem;
 178              		.loc 2 53 13
 179 00e0 23B4A700 		sd	a0,8(a5)
  54:src/../h/list.hpp ****         } else
 180              		.loc 2 54 13
 181 00e4 97070000 		sd	a0,.LANCHOR0+8,a5
 181      23B0A700 
 182              	.LVL15:
 183              	.L11:
 184              	.LBE33:
GAS LISTING /tmp/ccZXkwbu.s 			page 6


 185              	.LBE32:
 186              		.loc 1 14 1
 187 00ec 83308101 		ld	ra,24(sp)
 188              		.cfi_remember_state
 189              		.cfi_restore 1
 190 00f0 03340101 		ld	s0,16(sp)
 191              		.cfi_restore 8
 192              		.cfi_def_cfa 2, 32
 193 00f4 83348100 		ld	s1,8(sp)
 194              		.cfi_restore 9
 195              	.LVL16:
 196 00f8 13010102 		addi	sp,sp,32
 197              		.cfi_def_cfa_offset 0
 198 00fc 67800000 		jr	ra
 199              	.LVL17:
 200              	.L12:
 201              		.cfi_restore_state
 202              	.LBB39:
 203              	.LBB38:
  57:src/../h/list.hpp ****         }
 204              		.loc 2 57 13
 205 0100 97070000 		lla	a5,.LANCHOR0
 205      93870700 
 206 0108 23B4A700 		sd	a0,8(a5)
 207 010c 23B0A700 		sd	a0,0(a5)
 208              	.LVL18:
 209              	.LBE38:
 210              	.LBE39:
 211              		.loc 1 14 1
 212 0110 6FF0DFFD 		j	.L11
 213              		.cfi_endproc
 214              	.LFE13:
 216              		.align	2
 218              	_GLOBAL__sub_I__ZN9Scheduler16readyThreadQueueE:
 219              	.LFB25:
 220              		.loc 1 14 1 is_stmt 1
 221              		.cfi_startproc
 222 0114 130101FF 		addi	sp,sp,-16
 223              		.cfi_def_cfa_offset 16
 224 0118 23341100 		sd	ra,8(sp)
 225 011c 23308100 		sd	s0,0(sp)
 226              		.cfi_offset 1, -8
 227              		.cfi_offset 8, -16
 228 0120 13040101 		addi	s0,sp,16
 229              		.cfi_def_cfa 8, 0
 230              		.loc 1 14 1 is_stmt 0
 231 0124 B7050100 		li	a1,65536
 232 0128 9385F5FF 		addi	a1,a1,-1
 233 012c 13051000 		li	a0,1
 234 0130 97000000 		call	_Z41__static_initialization_and_destruction_0ii
 234      E7800000 
 235              	.LVL19:
 236 0138 83308100 		ld	ra,8(sp)
 237              		.cfi_restore 1
 238 013c 03340100 		ld	s0,0(sp)
 239              		.cfi_restore 8
 240              		.cfi_def_cfa 2, 16
GAS LISTING /tmp/ccZXkwbu.s 			page 7


 241 0140 13010101 		addi	sp,sp,16
 242              		.cfi_def_cfa_offset 0
 243 0144 67800000 		jr	ra
 244              		.cfi_endproc
 245              	.LFE25:
 247              		.section	.init_array,"aw"
 248              		.align	3
 249 0000 00000000 		.dword	_GLOBAL__sub_I__ZN9Scheduler16readyThreadQueueE
 249      00000000 
 250              		.globl	_ZN9Scheduler16readyThreadQueueE
 251              		.bss
 252              		.align	3
 253              		.set	.LANCHOR0,. + 0
 256              	_ZN9Scheduler16readyThreadQueueE:
 257 0000 00000000 		.zero	16
 257      00000000 
 257      00000000 
 257      00000000 
 258              		.text
 259              	.Letext0:
 260              		.file 3 "src/../h/../lib/hw.h"
 261              		.file 4 "src/../h/memoryAllocator.hpp"
 262              		.file 5 "src/../h/scheduler.hpp"
GAS LISTING /tmp/ccZXkwbu.s 			page 8


DEFINED SYMBOLS
                            *ABS*:0000000000000000 scheduler.cpp
     /tmp/ccZXkwbu.s:8      .text:0000000000000000 _Z41__static_initialization_and_destruction_0ii
     /tmp/ccZXkwbu.s:12     .text:0000000000000000 .L0 
     /tmp/ccZXkwbu.s:14     .text:0000000000000000 .L0 
     /tmp/ccZXkwbu.s:15     .text:0000000000000004 .L0 
     /tmp/ccZXkwbu.s:17     .text:0000000000000008 .L0 
     /tmp/ccZXkwbu.s:19     .text:000000000000000c .L0 
     /tmp/ccZXkwbu.s:21     .text:000000000000000c .L0 
     /tmp/ccZXkwbu.s:25     .text:0000000000000018 .L0 
     /tmp/ccZXkwbu.s:26     .text:0000000000000018 .L0 
     /tmp/ccZXkwbu.s:27     .text:0000000000000018 .L0 
     /tmp/ccZXkwbu.s:29     .text:000000000000001c .L0 
     /tmp/ccZXkwbu.s:32     .text:0000000000000020 .L0 
     /tmp/ccZXkwbu.s:34     .text:0000000000000020 .L0 
     /tmp/ccZXkwbu.s:43     .text:000000000000002c .L0 
     /tmp/ccZXkwbu.s:51     .text:000000000000003c .L0 
     /tmp/ccZXkwbu.s:52     .text:0000000000000040 .L0 
     /tmp/ccZXkwbu.s:58     .text:0000000000000040 _ZN9Scheduler3getEv
     /tmp/ccZXkwbu.s:61     .text:0000000000000040 .L0 
     /tmp/ccZXkwbu.s:62     .text:0000000000000040 .L0 
     /tmp/ccZXkwbu.s:63     .text:0000000000000044 .L0 
     /tmp/ccZXkwbu.s:67     .text:0000000000000050 .L0 
     /tmp/ccZXkwbu.s:68     .text:0000000000000050 .L0 
     /tmp/ccZXkwbu.s:69     .text:0000000000000050 .L0 
     /tmp/ccZXkwbu.s:71     .text:0000000000000054 .L0 
     /tmp/ccZXkwbu.s:76     .text:0000000000000054 .L0 
     /tmp/ccZXkwbu.s:77     .text:0000000000000054 .L0 
     /tmp/ccZXkwbu.s:79     .text:000000000000005c .L0 
     /tmp/ccZXkwbu.s:82     .text:0000000000000060 .L0 
     /tmp/ccZXkwbu.s:84     .text:0000000000000064 .L0 
     /tmp/ccZXkwbu.s:86     .text:000000000000006c .L0 
     /tmp/ccZXkwbu.s:89     .text:0000000000000070 .L0 
     /tmp/ccZXkwbu.s:94     .text:0000000000000074 .L0 
     /tmp/ccZXkwbu.s:102    .text:000000000000007c .L0 
     /tmp/ccZXkwbu.s:104    .text:0000000000000084 .L0 
     /tmp/ccZXkwbu.s:105    .text:0000000000000084 .L0 
     /tmp/ccZXkwbu.s:107    .text:0000000000000088 .L0 
     /tmp/ccZXkwbu.s:108    .text:0000000000000088 .L0 
     /tmp/ccZXkwbu.s:110    .text:000000000000008c .L0 
     /tmp/ccZXkwbu.s:112    .text:0000000000000090 .L0 
     /tmp/ccZXkwbu.s:116    .text:0000000000000094 .L0 
     /tmp/ccZXkwbu.s:120    .text:0000000000000094 .L0 
     /tmp/ccZXkwbu.s:125    .text:00000000000000a0 .L0 
     /tmp/ccZXkwbu.s:130    .text:00000000000000a4 .L0 
     /tmp/ccZXkwbu.s:131    .text:00000000000000a8 .L0 
     /tmp/ccZXkwbu.s:137    .text:00000000000000a8 _ZN9Scheduler3putEP3TCB
     /tmp/ccZXkwbu.s:140    .text:00000000000000a8 .L0 
     /tmp/ccZXkwbu.s:142    .text:00000000000000a8 .L0 
     /tmp/ccZXkwbu.s:143    .text:00000000000000ac .L0 
     /tmp/ccZXkwbu.s:147    .text:00000000000000b8 .L0 
     /tmp/ccZXkwbu.s:148    .text:00000000000000b8 .L0 
     /tmp/ccZXkwbu.s:149    .text:00000000000000b8 .L0 
     /tmp/ccZXkwbu.s:151    .text:00000000000000bc .L0 
     /tmp/ccZXkwbu.s:159    .text:00000000000000c0 .L0 
     /tmp/ccZXkwbu.s:160    .text:00000000000000c0 .L0 
     /tmp/ccZXkwbu.s:169    .text:00000000000000cc .L0 
GAS LISTING /tmp/ccZXkwbu.s 			page 9


     /tmp/ccZXkwbu.s:175    .text:00000000000000d4 .L0 
     /tmp/ccZXkwbu.s:177    .text:00000000000000dc .L0 
     /tmp/ccZXkwbu.s:179    .text:00000000000000e0 .L0 
     /tmp/ccZXkwbu.s:181    .text:00000000000000e4 .L0 
     /tmp/ccZXkwbu.s:187    .text:00000000000000ec .L0 
     /tmp/ccZXkwbu.s:188    .text:00000000000000f0 .L0 
     /tmp/ccZXkwbu.s:189    .text:00000000000000f0 .L0 
     /tmp/ccZXkwbu.s:191    .text:00000000000000f4 .L0 
     /tmp/ccZXkwbu.s:192    .text:00000000000000f4 .L0 
     /tmp/ccZXkwbu.s:194    .text:00000000000000f8 .L0 
     /tmp/ccZXkwbu.s:197    .text:00000000000000fc .L0 
     /tmp/ccZXkwbu.s:201    .text:0000000000000100 .L0 
     /tmp/ccZXkwbu.s:205    .text:0000000000000100 .L0 
     /tmp/ccZXkwbu.s:212    .text:0000000000000110 .L0 
     /tmp/ccZXkwbu.s:213    .text:0000000000000114 .L0 
     /tmp/ccZXkwbu.s:218    .text:0000000000000114 _GLOBAL__sub_I__ZN9Scheduler16readyThreadQueueE
     /tmp/ccZXkwbu.s:221    .text:0000000000000114 .L0 
     /tmp/ccZXkwbu.s:222    .text:0000000000000114 .L0 
     /tmp/ccZXkwbu.s:223    .text:0000000000000118 .L0 
     /tmp/ccZXkwbu.s:226    .text:0000000000000120 .L0 
     /tmp/ccZXkwbu.s:227    .text:0000000000000120 .L0 
     /tmp/ccZXkwbu.s:229    .text:0000000000000124 .L0 
     /tmp/ccZXkwbu.s:231    .text:0000000000000124 .L0 
     /tmp/ccZXkwbu.s:237    .text:000000000000013c .L0 
     /tmp/ccZXkwbu.s:239    .text:0000000000000140 .L0 
     /tmp/ccZXkwbu.s:240    .text:0000000000000140 .L0 
     /tmp/ccZXkwbu.s:242    .text:0000000000000144 .L0 
     /tmp/ccZXkwbu.s:244    .text:0000000000000148 .L0 
     /tmp/ccZXkwbu.s:256    .bss:0000000000000000 _ZN9Scheduler16readyThreadQueueE
     /tmp/ccZXkwbu.s:253    .bss:0000000000000000 .LANCHOR0
     /tmp/ccZXkwbu.s:263    .text:0000000000000148 .L0 
     /tmp/ccZXkwbu.s:43     .text:000000000000002c .L0 
     /tmp/ccZXkwbu.s:77     .text:0000000000000054 .L0 
     /tmp/ccZXkwbu.s:84     .text:0000000000000064 .L0 
     /tmp/ccZXkwbu.s:120    .text:0000000000000094 .L0 
     /tmp/ccZXkwbu.s:175    .text:00000000000000d4 .L0 
     /tmp/ccZXkwbu.s:181    .text:00000000000000e4 .L0 
     /tmp/ccZXkwbu.s:205    .text:0000000000000100 .L0 
     /tmp/ccZXkwbu.s:31     .text:0000000000000020 .L4
     /tmp/ccZXkwbu.s:23     .text:0000000000000014 .L1
     /tmp/ccZXkwbu.s:123    .text:00000000000000a0 .L8
     /tmp/ccZXkwbu.s:115    .text:0000000000000094 .L10
     /tmp/ccZXkwbu.s:87     .text:0000000000000070 .L7
     /tmp/ccZXkwbu.s:96     .text:000000000000007c .L5
     /tmp/ccZXkwbu.s:200    .text:0000000000000100 .L12
     /tmp/ccZXkwbu.s:183    .text:00000000000000ec .L11
     /tmp/ccZXkwbu.s:1131   .debug_abbrev:0000000000000000 .Ldebug_abbrev0
     /tmp/ccZXkwbu.s:2371   .debug_str:00000000000004f0 .LASF74
     /tmp/ccZXkwbu.s:2393   .debug_str:000000000000064e .LASF75
     /tmp/ccZXkwbu.s:2359   .debug_str:0000000000000476 .LASF76
     /tmp/ccZXkwbu.s:5      .text:0000000000000000 .Ltext0
     /tmp/ccZXkwbu.s:259    .text:0000000000000148 .Letext0
     /tmp/ccZXkwbu.s:2231   .debug_line:0000000000000000 .Ldebug_line0
     /tmp/ccZXkwbu.s:2327   .debug_str:0000000000000383 .LASF0
     /tmp/ccZXkwbu.s:2333   .debug_str:00000000000003ae .LASF1
     /tmp/ccZXkwbu.s:2315   .debug_str:000000000000032c .LASF2
     /tmp/ccZXkwbu.s:2291   .debug_str:000000000000025b .LASF4
GAS LISTING /tmp/ccZXkwbu.s 			page 10


     /tmp/ccZXkwbu.s:2357   .debug_str:0000000000000464 .LASF3
     /tmp/ccZXkwbu.s:2241   .debug_str:0000000000000054 .LASF5
     /tmp/ccZXkwbu.s:2337   .debug_str:00000000000003c9 .LASF6
     /tmp/ccZXkwbu.s:2325   .debug_str:0000000000000370 .LASF7
     /tmp/ccZXkwbu.s:2383   .debug_str:0000000000000609 .LASF8
     /tmp/ccZXkwbu.s:2281   .debug_str:0000000000000213 .LASF9
     /tmp/ccZXkwbu.s:2341   .debug_str:00000000000003e6 .LASF10
     /tmp/ccZXkwbu.s:2375   .debug_str:00000000000005c0 .LASF11
     /tmp/ccZXkwbu.s:2243   .debug_str:000000000000005b .LASF12
     /tmp/ccZXkwbu.s:2235   .debug_str:000000000000001e .LASF13
     /tmp/ccZXkwbu.s:2253   .debug_str:00000000000000d9 .LASF14
     /tmp/ccZXkwbu.s:2353   .debug_str:0000000000000449 .LASF15
     /tmp/ccZXkwbu.s:2259   .debug_str:0000000000000117 .LASF16
     /tmp/ccZXkwbu.s:2335   .debug_str:00000000000003c1 .LASF32
     /tmp/ccZXkwbu.s:2395   .debug_str:0000000000000660 .LASF17
     /tmp/ccZXkwbu.s:2391   .debug_str:0000000000000649 .LASF18
     /tmp/ccZXkwbu.s:2367   .debug_str:00000000000004e2 .LASF19
     /tmp/ccZXkwbu.s:2311   .debug_str:000000000000030d .LASF26
     /tmp/ccZXkwbu.s:2385   .debug_str:0000000000000619 .LASF20
     /tmp/ccZXkwbu.s:2363   .debug_str:00000000000004b4 .LASF22
     /tmp/ccZXkwbu.s:2343   .debug_str:00000000000003f5 .LASF21
     /tmp/ccZXkwbu.s:2279   .debug_str:00000000000001f2 .LASF23
     /tmp/ccZXkwbu.s:2381   .debug_str:00000000000005ed .LASF49
     /tmp/ccZXkwbu.s:2323   .debug_str:0000000000000366 .LASF51
     /tmp/ccZXkwbu.s:2303   .debug_str:00000000000002d6 .LASF52
     /tmp/ccZXkwbu.s:2237   .debug_str:000000000000002e .LASF24
     /tmp/ccZXkwbu.s:2365   .debug_str:00000000000004d5 .LASF30
     /tmp/ccZXkwbu.s:2247   .debug_str:0000000000000083 .LASF43
     /tmp/ccZXkwbu.s:2307   .debug_str:00000000000002fb .LASF25
     /tmp/ccZXkwbu.s:2269   .debug_str:0000000000000196 .LASF27
     /tmp/ccZXkwbu.s:2249   .debug_str:00000000000000b0 .LASF35
     /tmp/ccZXkwbu.s:2389   .debug_str:0000000000000630 .LASF36
     /tmp/ccZXkwbu.s:2273   .debug_str:00000000000001cc .LASF28
     /tmp/ccZXkwbu.s:2339   .debug_str:00000000000003dc .LASF29
     /tmp/ccZXkwbu.s:2275   .debug_str:00000000000001d1 .LASF77
     /tmp/ccZXkwbu.s:2287   .debug_str:0000000000000242 .LASF78
     /tmp/ccZXkwbu.s:2251   .debug_str:00000000000000c1 .LASF79
     /tmp/ccZXkwbu.s:2309   .debug_str:0000000000000303 .LASF31
     /tmp/ccZXkwbu.s:2377   .debug_str:00000000000005cf .LASF33
     /tmp/ccZXkwbu.s:2347   .debug_str:0000000000000403 .LASF34
     /tmp/ccZXkwbu.s:2321   .debug_str:0000000000000347 .LASF37
     /tmp/ccZXkwbu.s:2387   .debug_str:0000000000000623 .LASF38
     /tmp/ccZXkwbu.s:2261   .debug_str:000000000000012d .LASF39
     /tmp/ccZXkwbu.s:2277   .debug_str:00000000000001e2 .LASF40
     /tmp/ccZXkwbu.s:2245   .debug_str:000000000000006b .LASF41
     /tmp/ccZXkwbu.s:2361   .debug_str:00000000000004a4 .LASF42
     /tmp/ccZXkwbu.s:2379   .debug_str:00000000000005d4 .LASF44
     /tmp/ccZXkwbu.s:2293   .debug_str:0000000000000262 .LASF80
     /tmp/ccZXkwbu.s:2397   .debug_str:0000000000000665 .LASF81
     /tmp/ccZXkwbu.s:2263   .debug_str:0000000000000145 .LASF45
     /tmp/ccZXkwbu.s:2319   .debug_str:0000000000000342 .LASF46
     /tmp/ccZXkwbu.s:2289   .debug_str:0000000000000256 .LASF47
     /tmp/ccZXkwbu.s:2329   .debug_str:0000000000000390 .LASF48
     /tmp/ccZXkwbu.s:2351   .debug_str:0000000000000432 .LASF50
     /tmp/ccZXkwbu.s:2285   .debug_str:000000000000022b .LASF53
     /tmp/ccZXkwbu.s:2369   .debug_str:00000000000004e7 .LASF54
     /tmp/ccZXkwbu.s:2271   .debug_str:00000000000001af .LASF55
GAS LISTING /tmp/ccZXkwbu.s 			page 11


     /tmp/ccZXkwbu.s:2317   .debug_str:000000000000033a .LASF56
     /tmp/ccZXkwbu.s:2267   .debug_str:000000000000017a .LASF57
     /tmp/ccZXkwbu.s:2373   .debug_str:00000000000005b4 .LASF58
     /tmp/ccZXkwbu.s:2233   .debug_str:0000000000000000 .LASF59
     /tmp/ccZXkwbu.s:2283   .debug_str:0000000000000221 .LASF60
     /tmp/ccZXkwbu.s:2301   .debug_str:00000000000002bb .LASF61
     /tmp/ccZXkwbu.s:2331   .debug_str:00000000000003a3 .LASF62
     /tmp/ccZXkwbu.s:2239   .debug_str:0000000000000037 .LASF63
     /tmp/ccZXkwbu.s:2305   .debug_str:00000000000002f2 .LASF64
     /tmp/ccZXkwbu.s:2299   .debug_str:00000000000002a1 .LASF65
     /tmp/ccZXkwbu.s:2297   .debug_str:0000000000000280 .LASF82
     /tmp/ccZXkwbu.s:2265   .debug_str:000000000000014a .LASF66
     /tmp/ccZXkwbu.s:219    .text:0000000000000114 .LFB25
     /tmp/ccZXkwbu.s:245    .text:0000000000000148 .LFE25
     /tmp/ccZXkwbu.s:235    .text:0000000000000138 .LVL19
     /tmp/ccZXkwbu.s:2349   .debug_str:0000000000000408 .LASF67
     /tmp/ccZXkwbu.s:9      .text:0000000000000000 .LFB24
     /tmp/ccZXkwbu.s:53     .text:0000000000000040 .LFE24
     /tmp/ccZXkwbu.s:2313   .debug_str:000000000000031d .LASF68
     /tmp/ccZXkwbu.s:2295   .debug_str:0000000000000275 .LASF69
     /tmp/ccZXkwbu.s:38     .text:000000000000002c .LBB23
     /tmp/ccZXkwbu.s:49     .text:000000000000003c .LBE23
     /tmp/ccZXkwbu.s:2073   .debug_loc:0000000000000000 .LLST0
     /tmp/ccZXkwbu.s:2345   .debug_str:00000000000003fe .LASF70
     /tmp/ccZXkwbu.s:2257   .debug_str:00000000000000f8 .LASF72
     /tmp/ccZXkwbu.s:2355   .debug_str:000000000000045f .LASF71
     /tmp/ccZXkwbu.s:2255   .debug_str:00000000000000e5 .LASF73
     /tmp/ccZXkwbu.s:138    .text:00000000000000a8 .LFB13
     /tmp/ccZXkwbu.s:214    .text:0000000000000114 .LFE13
     /tmp/ccZXkwbu.s:2082   .debug_loc:000000000000002c .LLST5
     /tmp/ccZXkwbu.s:155    .text:00000000000000c0 .LBB32
     /tmp/ccZXkwbu.s:2217   .debug_ranges:0000000000000000 .Ldebug_ranges0
     /tmp/ccZXkwbu.s:2104   .debug_loc:000000000000008b .LLST6
     /tmp/ccZXkwbu.s:2119   .debug_loc:00000000000000d4 .LLST7
     /tmp/ccZXkwbu.s:157    .text:00000000000000c0 .LBB34
     /tmp/ccZXkwbu.s:165    .text:00000000000000cc .LBE34
     /tmp/ccZXkwbu.s:2134   .debug_loc:000000000000011c .LLST8
     /tmp/ccZXkwbu.s:163    .text:00000000000000cc .LVL13
     /tmp/ccZXkwbu.s:166    .text:00000000000000cc .LBB36
     /tmp/ccZXkwbu.s:173    .text:00000000000000d4 .LBE36
     /tmp/ccZXkwbu.s:2142   .debug_loc:0000000000000140 .LLST9
     /tmp/ccZXkwbu.s:2150   .debug_loc:0000000000000164 .LLST10
     /tmp/ccZXkwbu.s:2157   .debug_loc:0000000000000187 .LLST11
     /tmp/ccZXkwbu.s:59     .text:0000000000000040 .LFB12
     /tmp/ccZXkwbu.s:132    .text:00000000000000a8 .LFE12
     /tmp/ccZXkwbu.s:74     .text:0000000000000054 .LBB26
     /tmp/ccZXkwbu.s:2164   .debug_loc:00000000000001aa .LLST1
     /tmp/ccZXkwbu.s:2179   .debug_loc:00000000000001f2 .LLST2
     /tmp/ccZXkwbu.s:2190   .debug_loc:0000000000000228 .LLST3
     /tmp/ccZXkwbu.s:91     .text:0000000000000074 .LBB28
     /tmp/ccZXkwbu.s:98     .text:000000000000007c .LBE28
     /tmp/ccZXkwbu.s:2197   .debug_loc:000000000000024b .LLST4
     /tmp/ccZXkwbu.s:95     .text:000000000000007c .LVL6
     /tmp/ccZXkwbu.s:37     .text:000000000000002c .LVL1
     /tmp/ccZXkwbu.s:46     .text:000000000000003c .LVL2
     /tmp/ccZXkwbu.s:141    .text:00000000000000a8 .LVL10
     /tmp/ccZXkwbu.s:161    .text:00000000000000c4 .LVL12
GAS LISTING /tmp/ccZXkwbu.s 			page 12


     /tmp/ccZXkwbu.s:195    .text:00000000000000f8 .LVL16
     /tmp/ccZXkwbu.s:199    .text:0000000000000100 .LVL17
     /tmp/ccZXkwbu.s:154    .text:00000000000000c0 .LVL11
     /tmp/ccZXkwbu.s:182    .text:00000000000000ec .LVL15
     /tmp/ccZXkwbu.s:208    .text:0000000000000110 .LVL18
     /tmp/ccZXkwbu.s:171    .text:00000000000000d4 .LVL14
     /tmp/ccZXkwbu.s:73     .text:0000000000000054 .LVL3
     /tmp/ccZXkwbu.s:114    .text:0000000000000094 .LVL7
     /tmp/ccZXkwbu.s:126    .text:00000000000000a4 .LVL9
     /tmp/ccZXkwbu.s:80     .text:0000000000000060 .LVL4
     /tmp/ccZXkwbu.s:122    .text:00000000000000a0 .LVL8
     /tmp/ccZXkwbu.s:90     .text:0000000000000074 .LVL5
     /tmp/ccZXkwbu.s:264    .debug_info:0000000000000000 .Ldebug_info0
     /tmp/ccZXkwbu.s:100    .text:000000000000007c .LBE26
     /tmp/ccZXkwbu.s:117    .text:0000000000000094 .LBB31
     /tmp/ccZXkwbu.s:128    .text:00000000000000a4 .LBE31
     /tmp/ccZXkwbu.s:185    .text:00000000000000ec .LBE32
     /tmp/ccZXkwbu.s:202    .text:0000000000000100 .LBB39
     /tmp/ccZXkwbu.s:210    .text:0000000000000110 .LBE39

UNDEFINED SYMBOLS
_ZN15MemoryAllocator8mem_freeEPv
_ZN15MemoryAllocator9mem_allocEm
